2022-03-02 09:26:52,296 [24] ERROR XHS.Build.Aqt365.Filter.ExceptionFilter - 
System.NullReferenceException: Object reference not set to an instance of an object.
   at xhs.build.Aqt365.Controllers.WaterAndWattController.wuxifengxiafnenxi() in D:\Project\XHS.Build.Aqt365\Controllers\WaterAndWattController.cs:line 142
   at lambda_method(Closure , Object )
   at Microsoft.Extensions.Internal.ObjectMethodExecutorAwaitable.Awaiter.GetResult()
   at Microsoft.AspNetCore.Mvc.Infrastructure.ActionMethodExecutor.AwaitableObjectResultExecutor.Execute(IActionResultTypeMapper mapper, ObjectMethodExecutor executor, Object controller, Object[] arguments)
   at Microsoft.AspNetCore.Mvc.Infrastructure.ControllerActionInvoker.<InvokeActionMethodAsync>g__Logged|12_1(ControllerActionInvoker invoker)
   at Microsoft.AspNetCore.Mvc.Infrastructure.ControllerActionInvoker.<InvokeNextActionFilterAsync>g__Awaited|10_0(ControllerActionInvoker invoker, Task lastTask, State next, Scope scope, Object state, Boolean isCompleted)
   at Microsoft.AspNetCore.Mvc.Infrastructure.ControllerActionInvoker.Rethrow(ActionExecutedContextSealed context)
   at Microsoft.AspNetCore.Mvc.Infrastructure.ControllerActionInvoker.Next(State& next, Scope& scope, Object& state, Boolean& isCompleted)
   at Microsoft.AspNetCore.Mvc.Infrastructure.ControllerActionInvoker.<InvokeInnerFilterAsync>g__Awaited|13_0(ControllerActionInvoker invoker, Task lastTask, State next, Scope scope, Object state, Boolean isCompleted)
   at Microsoft.AspNetCore.Mvc.Infrastructure.ResourceInvoker.<InvokeNextExceptionFilterAsync>g__Awaited|25_0(ResourceInvoker invoker, Task lastTask, State next, Scope scope, Object state, Boolean isCompleted)
2022-03-02 09:27:47,082 [5] ERROR XHS.Build.Aqt365.Filter.ExceptionFilter - 
System.NullReferenceException: Object reference not set to an instance of an object.
   at xhs.build.Aqt365.Controllers.WaterAndWattController.wuxifengxiafnenxi() in D:\Project\XHS.Build.Aqt365\Controllers\WaterAndWattController.cs:line 142
   at lambda_method(Closure , Object )
   at Microsoft.Extensions.Internal.ObjectMethodExecutorAwaitable.Awaiter.GetResult()
   at Microsoft.AspNetCore.Mvc.Infrastructure.ActionMethodExecutor.AwaitableObjectResultExecutor.Execute(IActionResultTypeMapper mapper, ObjectMethodExecutor executor, Object controller, Object[] arguments)
   at Microsoft.AspNetCore.Mvc.Infrastructure.ControllerActionInvoker.<InvokeActionMethodAsync>g__Logged|12_1(ControllerActionInvoker invoker)
   at Microsoft.AspNetCore.Mvc.Infrastructure.ControllerActionInvoker.<InvokeNextActionFilterAsync>g__Awaited|10_0(ControllerActionInvoker invoker, Task lastTask, State next, Scope scope, Object state, Boolean isCompleted)
   at Microsoft.AspNetCore.Mvc.Infrastructure.ControllerActionInvoker.Rethrow(ActionExecutedContextSealed context)
   at Microsoft.AspNetCore.Mvc.Infrastructure.ControllerActionInvoker.Next(State& next, Scope& scope, Object& state, Boolean& isCompleted)
   at Microsoft.AspNetCore.Mvc.Infrastructure.ControllerActionInvoker.<InvokeInnerFilterAsync>g__Awaited|13_0(ControllerActionInvoker invoker, Task lastTask, State next, Scope scope, Object state, Boolean isCompleted)
   at Microsoft.AspNetCore.Mvc.Infrastructure.ResourceInvoker.<InvokeNextExceptionFilterAsync>g__Awaited|25_0(ResourceInvoker invoker, Task lastTask, State next, Scope scope, Object state, Boolean isCompleted)
2022-03-02 09:28:58,644 [11] ERROR XHS.Build.Aqt365.Filter.ExceptionFilter - 
Autofac.Core.DependencyResolutionException: An exception was thrown while activating XHS.Build.Services.Video.VideoService -> XHS.Build.Service.Video.HpXiongMaiService.
 ---> Autofac.Core.DependencyResolutionException: An exception was thrown while invoking the constructor 'Void .ctor(XHS.Build.Services.SystemSetting.IHpSystemSetting)' on type 'HpXiongMaiService'.
 ---> System.Data.SqlClient.SqlException (0x80131904): 找不到存储过程 'spSystemSettingAll'。
   at SqlSugar.AdoProvider.GetDataSetAll(String sql, SugarParameter[] parameters)
   at SqlSugar.AdoProvider.GetDataTable(String sql, SugarParameter[] parameters)
   at XHS.Build.Repository.SystemSetting.SystemSettingRepository.getAll() in D:\Project\XHS.Build.Repository\SystemSetting\SystemSettingRepository.cs:line 23
   at XHS.Build.Services.SystemSetting.HpSystemSetting.reset() in D:\Project\XHS.Build.Services\SystemSetting\HpSystemSetting.cs:line 44
   at XHS.Build.Services.SystemSetting.HpSystemSetting.getAll() in D:\Project\XHS.Build.Services\SystemSetting\HpSystemSetting.cs:line 55
   at XHS.Build.Services.SystemSetting.HpSystemSetting.get__Setting() in D:\Project\XHS.Build.Services\SystemSetting\HpSystemSetting.cs:line 24
   at XHS.Build.Services.SystemSetting.HpSystemSetting.getSettingValue(String SETTINGID) in D:\Project\XHS.Build.Services\SystemSetting\HpSystemSetting.cs:line 79
   at Castle.Proxies.Invocations.IHpSystemSetting_getSettingValue.InvokeMethodOnTarget()
   at Castle.DynamicProxy.AbstractInvocation.Proceed()
   at Castle.Proxies.IHpSystemSettingProxy.getSettingValue(String SETTINGID)
   at XHS.Build.Service.Video.HpXiongMaiService..ctor(IHpSystemSetting systemSettingService) in D:\Project\XHS.Build.Services\Video\HpXiongMaiService.cs:line 36
   at lambda_method(Closure , Object[] )
   at Autofac.Core.Activators.Reflection.ConstructorParameterBinding.Instantiate()
ClientConnectionId:03312dbe-704f-44b0-b6a3-9bdb7a5e7069
Error Number:2812,State:62,Class:16
   --- End of inner exception stack trace ---
   at Autofac.Core.Activators.Reflection.ConstructorParameterBinding.Instantiate()
   at Autofac.Core.Activators.Reflection.ReflectionActivator.ActivateInstance(IComponentContext context, IEnumerable`1 parameters)
   at Autofac.Core.Resolving.InstanceLookup.CreateInstance(IEnumerable`1 parameters)
   --- End of inner exception stack trace ---
   at Autofac.Core.Resolving.InstanceLookup.CreateInstance(IEnumerable`1 parameters)
   at Autofac.Core.Resolving.InstanceLookup.Execute()
   at Autofac.Core.Resolving.ResolveOperation.GetOrCreateInstance(ISharingLifetimeScope currentOperationScope, ResolveRequest request)
   at Autofac.Core.Resolving.ResolveOperation.ResolveComponent(ResolveRequest request)
   at Autofac.Core.Resolving.ResolveOperation.Execute(ResolveRequest request)
   at Autofac.Core.Lifetime.LifetimeScope.ResolveComponent(ResolveRequest request)
   at Autofac.ResolutionExtensions.TryResolveService(IComponentContext context, Service service, IEnumerable`1 parameters, Object& instance)
   at Autofac.ResolutionExtensions.ResolveOptionalService(IComponentContext context, Service service, IEnumerable`1 parameters)
   at Autofac.ResolutionExtensions.ResolveOptional(IComponentContext context, Type serviceType, IEnumerable`1 parameters)
   at Autofac.ResolutionExtensions.ResolveOptional(IComponentContext context, Type serviceType)
   at Autofac.Extensions.DependencyInjection.AutofacServiceProvider.GetService(Type serviceType)
   at Microsoft.Extensions.DependencyInjection.ActivatorUtilities.GetService(IServiceProvider sp, Type type, Type requiredBy, Boolean isDefaultParameterRequired)
   at lambda_method(Closure , IServiceProvider , Object[] )
   at Microsoft.AspNetCore.Mvc.Controllers.ControllerActivatorProvider.<>c__DisplayClass4_0.<CreateActivator>b__0(ControllerContext controllerContext)
   at Microsoft.AspNetCore.Mvc.Controllers.ControllerFactoryProvider.<>c__DisplayClass5_0.<CreateControllerFactory>g__CreateController|0(ControllerContext controllerContext)
   at Microsoft.AspNetCore.Mvc.Infrastructure.ControllerActionInvoker.Next(State& next, Scope& scope, Object& state, Boolean& isCompleted)
   at Microsoft.AspNetCore.Mvc.Infrastructure.ControllerActionInvoker.InvokeInnerFilterAsync()
--- End of stack trace from previous location where exception was thrown ---
   at Microsoft.AspNetCore.Mvc.Infrastructure.ResourceInvoker.<InvokeNextExceptionFilterAsync>g__Awaited|25_0(ResourceInvoker invoker, Task lastTask, State next, Scope scope, Object state, Boolean isCompleted)
2022-03-02 09:30:08,545 [5] ERROR XHS.Build.Aqt365.Filter.ExceptionFilter - 
Autofac.Core.DependencyResolutionException: An exception was thrown while activating XHS.Build.Services.Video.VideoService -> XHS.Build.Service.Video.HpXiongMaiService.
 ---> Autofac.Core.DependencyResolutionException: An exception was thrown while invoking the constructor 'Void .ctor(XHS.Build.Services.SystemSetting.IHpSystemSetting)' on type 'HpXiongMaiService'.
 ---> System.Data.SqlClient.SqlException (0x80131904): 找不到存储过程 'spSystemSettingAll'。
   at SqlSugar.AdoProvider.GetDataSetAll(String sql, SugarParameter[] parameters)
   at SqlSugar.AdoProvider.GetDataTable(String sql, SugarParameter[] parameters)
   at XHS.Build.Repository.SystemSetting.SystemSettingRepository.getAll() in D:\Project\XHS.Build.Repository\SystemSetting\SystemSettingRepository.cs:line 23
   at XHS.Build.Services.SystemSetting.HpSystemSetting.reset() in D:\Project\XHS.Build.Services\SystemSetting\HpSystemSetting.cs:line 44
   at XHS.Build.Services.SystemSetting.HpSystemSetting.getAll() in D:\Project\XHS.Build.Services\SystemSetting\HpSystemSetting.cs:line 55
   at XHS.Build.Services.SystemSetting.HpSystemSetting.get__Setting() in D:\Project\XHS.Build.Services\SystemSetting\HpSystemSetting.cs:line 24
   at XHS.Build.Services.SystemSetting.HpSystemSetting.getSettingValue(String SETTINGID) in D:\Project\XHS.Build.Services\SystemSetting\HpSystemSetting.cs:line 79
   at Castle.Proxies.Invocations.IHpSystemSetting_getSettingValue.InvokeMethodOnTarget()
   at Castle.DynamicProxy.AbstractInvocation.Proceed()
   at Castle.Proxies.IHpSystemSettingProxy.getSettingValue(String SETTINGID)
   at XHS.Build.Service.Video.HpXiongMaiService..ctor(IHpSystemSetting systemSettingService) in D:\Project\XHS.Build.Services\Video\HpXiongMaiService.cs:line 36
   at lambda_method(Closure , Object[] )
   at Autofac.Core.Activators.Reflection.ConstructorParameterBinding.Instantiate()
ClientConnectionId:03312dbe-704f-44b0-b6a3-9bdb7a5e7069
Error Number:2812,State:62,Class:16
   --- End of inner exception stack trace ---
   at Autofac.Core.Activators.Reflection.ConstructorParameterBinding.Instantiate()
   at Autofac.Core.Activators.Reflection.ReflectionActivator.ActivateInstance(IComponentContext context, IEnumerable`1 parameters)
   at Autofac.Core.Resolving.InstanceLookup.CreateInstance(IEnumerable`1 parameters)
   --- End of inner exception stack trace ---
   at Autofac.Core.Resolving.InstanceLookup.CreateInstance(IEnumerable`1 parameters)
   at Autofac.Core.Resolving.InstanceLookup.Execute()
   at Autofac.Core.Resolving.ResolveOperation.GetOrCreateInstance(ISharingLifetimeScope currentOperationScope, ResolveRequest request)
   at Autofac.Core.Resolving.ResolveOperation.ResolveComponent(ResolveRequest request)
   at Autofac.Core.Resolving.ResolveOperation.Execute(ResolveRequest request)
   at Autofac.Core.Lifetime.LifetimeScope.ResolveComponent(ResolveRequest request)
   at Autofac.ResolutionExtensions.TryResolveService(IComponentContext context, Service service, IEnumerable`1 parameters, Object& instance)
   at Autofac.ResolutionExtensions.ResolveOptionalService(IComponentContext context, Service service, IEnumerable`1 parameters)
   at Autofac.ResolutionExtensions.ResolveOptional(IComponentContext context, Type serviceType, IEnumerable`1 parameters)
   at Autofac.ResolutionExtensions.ResolveOptional(IComponentContext context, Type serviceType)
   at Autofac.Extensions.DependencyInjection.AutofacServiceProvider.GetService(Type serviceType)
   at Microsoft.Extensions.DependencyInjection.ActivatorUtilities.GetService(IServiceProvider sp, Type type, Type requiredBy, Boolean isDefaultParameterRequired)
   at lambda_method(Closure , IServiceProvider , Object[] )
   at Microsoft.AspNetCore.Mvc.Controllers.ControllerActivatorProvider.<>c__DisplayClass4_0.<CreateActivator>b__0(ControllerContext controllerContext)
   at Microsoft.AspNetCore.Mvc.Controllers.ControllerFactoryProvider.<>c__DisplayClass5_0.<CreateControllerFactory>g__CreateController|0(ControllerContext controllerContext)
   at Microsoft.AspNetCore.Mvc.Infrastructure.ControllerActionInvoker.Next(State& next, Scope& scope, Object& state, Boolean& isCompleted)
   at Microsoft.AspNetCore.Mvc.Infrastructure.ControllerActionInvoker.InvokeInnerFilterAsync()
--- End of stack trace from previous location where exception was thrown ---
   at Microsoft.AspNetCore.Mvc.Infrastructure.ResourceInvoker.<InvokeNextExceptionFilterAsync>g__Awaited|25_0(ResourceInvoker invoker, Task lastTask, State next, Scope scope, Object state, Boolean isCompleted)
2022-03-02 09:34:13,223 [31] ERROR XHS.Build.Aqt365.Filter.ExceptionFilter - 
System.Data.SqlClient.SqlException (0x80131904): 对象名 'T_GC_CityUploadDate' 无效。
   at SqlSugar.AdoProvider.GetDataReaderAsync(String sql, SugarParameter[] parameters)
   at SqlSugar.QueryableProvider`1.GetDataAsync[TResult](KeyValuePair`2 sqlObj)
   at SqlSugar.QueryableProvider`1._ToListAsync[TResult]()
   at SqlSugar.QueryableProvider`1.FirstAsync()
   at xhs.build.Aqt365.Controllers.WaterAndWattController.wuxifengxiafnenxi() in D:\Project\XHS.Build.Aqt365\Controllers\WaterAndWattController.cs:line 140
   at lambda_method(Closure , Object )
   at Microsoft.Extensions.Internal.ObjectMethodExecutorAwaitable.Awaiter.GetResult()
   at Microsoft.AspNetCore.Mvc.Infrastructure.ActionMethodExecutor.AwaitableObjectResultExecutor.Execute(IActionResultTypeMapper mapper, ObjectMethodExecutor executor, Object controller, Object[] arguments)
   at Microsoft.AspNetCore.Mvc.Infrastructure.ControllerActionInvoker.<InvokeActionMethodAsync>g__Logged|12_1(ControllerActionInvoker invoker)
   at Microsoft.AspNetCore.Mvc.Infrastructure.ControllerActionInvoker.<InvokeNextActionFilterAsync>g__Awaited|10_0(ControllerActionInvoker invoker, Task lastTask, State next, Scope scope, Object state, Boolean isCompleted)
   at Microsoft.AspNetCore.Mvc.Infrastructure.ControllerActionInvoker.Rethrow(ActionExecutedContextSealed context)
   at Microsoft.AspNetCore.Mvc.Infrastructure.ControllerActionInvoker.Next(State& next, Scope& scope, Object& state, Boolean& isCompleted)
   at Microsoft.AspNetCore.Mvc.Infrastructure.ControllerActionInvoker.<InvokeInnerFilterAsync>g__Awaited|13_0(ControllerActionInvoker invoker, Task lastTask, State next, Scope scope, Object state, Boolean isCompleted)
   at Microsoft.AspNetCore.Mvc.Infrastructure.ResourceInvoker.<InvokeNextExceptionFilterAsync>g__Awaited|25_0(ResourceInvoker invoker, Task lastTask, State next, Scope scope, Object state, Boolean isCompleted)
ClientConnectionId:76b8c5d6-c51b-44aa-b816-2f51b283550c
Error Number:208,State:1,Class:16
2022-03-02 09:35:19,463 [6] ERROR XHS.Build.Aqt365.Filter.ExceptionFilter - 
System.NullReferenceException: Object reference not set to an instance of an object.
   at xhs.build.Aqt365.Controllers.WaterAndWattController.wuxifengxiafnenxi() in D:\Project\XHS.Build.Aqt365\Controllers\WaterAndWattController.cs:line 142
   at lambda_method(Closure , Object )
   at Microsoft.Extensions.Internal.ObjectMethodExecutorAwaitable.Awaiter.GetResult()
   at Microsoft.AspNetCore.Mvc.Infrastructure.ActionMethodExecutor.AwaitableObjectResultExecutor.Execute(IActionResultTypeMapper mapper, ObjectMethodExecutor executor, Object controller, Object[] arguments)
   at Microsoft.AspNetCore.Mvc.Infrastructure.ControllerActionInvoker.<InvokeActionMethodAsync>g__Logged|12_1(ControllerActionInvoker invoker)
   at Microsoft.AspNetCore.Mvc.Infrastructure.ControllerActionInvoker.<InvokeNextActionFilterAsync>g__Awaited|10_0(ControllerActionInvoker invoker, Task lastTask, State next, Scope scope, Object state, Boolean isCompleted)
   at Microsoft.AspNetCore.Mvc.Infrastructure.ControllerActionInvoker.Rethrow(ActionExecutedContextSealed context)
   at Microsoft.AspNetCore.Mvc.Infrastructure.ControllerActionInvoker.Next(State& next, Scope& scope, Object& state, Boolean& isCompleted)
   at Microsoft.AspNetCore.Mvc.Infrastructure.ControllerActionInvoker.<InvokeInnerFilterAsync>g__Awaited|13_0(ControllerActionInvoker invoker, Task lastTask, State next, Scope scope, Object state, Boolean isCompleted)
   at Microsoft.AspNetCore.Mvc.Infrastructure.ResourceInvoker.<InvokeNextExceptionFilterAsync>g__Awaited|25_0(ResourceInvoker invoker, Task lastTask, State next, Scope scope, Object state, Boolean isCompleted)
