2022-03-04 10:54:28,701 [1] INFO  Microsoft.Hosting.Lifetime - Application started. Press Ctrl+C to shut down.
2022-03-04 10:54:28,759 [1] INFO  Microsoft.Hosting.Lifetime - Hosting environment: Development
2022-03-04 10:54:28,762 [1] INFO  Microsoft.Hosting.Lifetime - Content root path: D:\Project\XHS.Build.Aqt365
2022-03-04 11:13:14,658 [1] INFO  Microsoft.Hosting.Lifetime - Application started. Press Ctrl+C to shut down.
2022-03-04 11:13:14,673 [1] INFO  Microsoft.Hosting.Lifetime - Hosting environment: Development
2022-03-04 11:13:14,677 [1] INFO  Microsoft.Hosting.Lifetime - Content root path: D:\Project\XHS.Build.Aqt365
2022-03-04 11:18:49,752 [1] INFO  Microsoft.Hosting.Lifetime - Application started. Press Ctrl+C to shut down.
2022-03-04 11:18:49,778 [1] INFO  Microsoft.Hosting.Lifetime - Hosting environment: Development
2022-03-04 11:18:49,782 [1] INFO  Microsoft.Hosting.Lifetime - Content root path: D:\Project\XHS.Build.Aqt365
2022-03-04 11:21:01,249 [1] INFO  Microsoft.Hosting.Lifetime - Application started. Press Ctrl+C to shut down.
2022-03-04 11:21:01,289 [1] INFO  Microsoft.Hosting.Lifetime - Hosting environment: Development
2022-03-04 11:21:01,294 [1] INFO  Microsoft.Hosting.Lifetime - Content root path: D:\Project\XHS.Build.Aqt365
2022-03-04 13:01:46,981 [1] INFO  Microsoft.Hosting.Lifetime - Application started. Press Ctrl+C to shut down.
2022-03-04 13:01:47,000 [1] INFO  Microsoft.Hosting.Lifetime - Hosting environment: Development
2022-03-04 13:01:47,005 [1] INFO  Microsoft.Hosting.Lifetime - Content root path: D:\Project\XHS.Build.Aqt365
2022-03-04 13:11:10,425 [1] INFO  Microsoft.Hosting.Lifetime - Application started. Press Ctrl+C to shut down.
2022-03-04 13:11:10,445 [1] INFO  Microsoft.Hosting.Lifetime - Hosting environment: Development
2022-03-04 13:11:10,452 [1] INFO  Microsoft.Hosting.Lifetime - Content root path: D:\Project\XHS.Build.Aqt365
2022-03-04 13:19:11,759 [1] INFO  Microsoft.Hosting.Lifetime - Application started. Press Ctrl+C to shut down.
2022-03-04 13:19:11,808 [1] INFO  Microsoft.Hosting.Lifetime - Hosting environment: Development
2022-03-04 13:19:11,814 [1] INFO  Microsoft.Hosting.Lifetime - Content root path: D:\Project\XHS.Build.Aqt365
2022-03-04 13:23:39,558 [1] INFO  Microsoft.Hosting.Lifetime - Application started. Press Ctrl+C to shut down.
2022-03-04 13:23:39,577 [1] INFO  Microsoft.Hosting.Lifetime - Hosting environment: Development
2022-03-04 13:23:39,580 [1] INFO  Microsoft.Hosting.Lifetime - Content root path: D:\Project\XHS.Build.Aqt365
2022-03-04 13:36:45,564 [1] INFO  Microsoft.Hosting.Lifetime - Application started. Press Ctrl+C to shut down.
2022-03-04 13:36:45,590 [1] INFO  Microsoft.Hosting.Lifetime - Hosting environment: Development
2022-03-04 13:36:45,594 [1] INFO  Microsoft.Hosting.Lifetime - Content root path: D:\Project\XHS.Build.Aqt365
2022-03-04 14:01:31,168 [1] INFO  Microsoft.Hosting.Lifetime - Application started. Press Ctrl+C to shut down.
2022-03-04 14:01:31,188 [1] INFO  Microsoft.Hosting.Lifetime - Hosting environment: Development
2022-03-04 14:01:31,191 [1] INFO  Microsoft.Hosting.Lifetime - Content root path: D:\Project\XHS.Build.Aqt365
2022-03-04 14:05:05,852 [1] INFO  Microsoft.Hosting.Lifetime - Application started. Press Ctrl+C to shut down.
2022-03-04 14:05:05,873 [1] INFO  Microsoft.Hosting.Lifetime - Hosting environment: Development
2022-03-04 14:05:05,877 [1] INFO  Microsoft.Hosting.Lifetime - Content root path: D:\Project\XHS.Build.Aqt365
2022-03-04 14:21:00,834 [1] INFO  Microsoft.Hosting.Lifetime - Application started. Press Ctrl+C to shut down.
2022-03-04 14:21:00,882 [1] INFO  Microsoft.Hosting.Lifetime - Hosting environment: Development
2022-03-04 14:21:00,886 [1] INFO  Microsoft.Hosting.Lifetime - Content root path: D:\Project\XHS.Build.Aqt365
2022-03-04 14:25:31,536 [1] INFO  Microsoft.Hosting.Lifetime - Application started. Press Ctrl+C to shut down.
2022-03-04 14:25:31,556 [1] INFO  Microsoft.Hosting.Lifetime - Hosting environment: Development
2022-03-04 14:25:31,560 [1] INFO  Microsoft.Hosting.Lifetime - Content root path: D:\Project\XHS.Build.Aqt365
2022-03-04 14:33:01,020 [1] INFO  Microsoft.Hosting.Lifetime - Application started. Press Ctrl+C to shut down.
2022-03-04 14:33:01,038 [1] INFO  Microsoft.Hosting.Lifetime - Hosting environment: Development
2022-03-04 14:33:01,041 [1] INFO  Microsoft.Hosting.Lifetime - Content root path: D:\Project\XHS.Build.Aqt365
2022-03-04 14:35:45,269 [1] INFO  Microsoft.Hosting.Lifetime - Application started. Press Ctrl+C to shut down.
2022-03-04 14:35:45,300 [1] INFO  Microsoft.Hosting.Lifetime - Hosting environment: Development
2022-03-04 14:35:45,303 [1] INFO  Microsoft.Hosting.Lifetime - Content root path: D:\Project\XHS.Build.Aqt365
2022-03-04 14:38:29,616 [1] INFO  Microsoft.Hosting.Lifetime - Application started. Press Ctrl+C to shut down.
2022-03-04 14:38:29,628 [1] INFO  Microsoft.Hosting.Lifetime - Hosting environment: Development
2022-03-04 14:38:29,631 [1] INFO  Microsoft.Hosting.Lifetime - Content root path: D:\Project\XHS.Build.Aqt365
2022-03-04 14:42:18,107 [1] INFO  Microsoft.Hosting.Lifetime - Application started. Press Ctrl+C to shut down.
2022-03-04 14:42:18,196 [1] INFO  Microsoft.Hosting.Lifetime - Hosting environment: Development
2022-03-04 14:42:18,201 [1] INFO  Microsoft.Hosting.Lifetime - Content root path: D:\Project\XHS.Build.Aqt365
2022-03-04 14:46:16,064 [1] INFO  Microsoft.Hosting.Lifetime - Application started. Press Ctrl+C to shut down.
2022-03-04 14:46:16,082 [1] INFO  Microsoft.Hosting.Lifetime - Hosting environment: Development
2022-03-04 14:46:16,085 [1] INFO  Microsoft.Hosting.Lifetime - Content root path: D:\Project\XHS.Build.Aqt365
2022-03-04 14:47:42,462 [1] INFO  Microsoft.Hosting.Lifetime - Application started. Press Ctrl+C to shut down.
2022-03-04 14:47:42,478 [1] INFO  Microsoft.Hosting.Lifetime - Hosting environment: Development
2022-03-04 14:47:42,480 [1] INFO  Microsoft.Hosting.Lifetime - Content root path: D:\Project\XHS.Build.Aqt365
2022-03-04 14:51:33,327 [1] INFO  Microsoft.Hosting.Lifetime - Application started. Press Ctrl+C to shut down.
2022-03-04 14:51:33,348 [1] INFO  Microsoft.Hosting.Lifetime - Hosting environment: Development
2022-03-04 14:51:33,352 [1] INFO  Microsoft.Hosting.Lifetime - Content root path: D:\Project\XHS.Build.Aqt365
2022-03-04 14:55:35,724 [1] INFO  Microsoft.Hosting.Lifetime - Application started. Press Ctrl+C to shut down.
2022-03-04 14:55:35,742 [1] INFO  Microsoft.Hosting.Lifetime - Hosting environment: Development
2022-03-04 14:55:35,745 [1] INFO  Microsoft.Hosting.Lifetime - Content root path: D:\Project\XHS.Build.Aqt365
2022-03-04 15:19:18,821 [1] INFO  Microsoft.Hosting.Lifetime - Application started. Press Ctrl+C to shut down.
2022-03-04 15:19:18,836 [1] INFO  Microsoft.Hosting.Lifetime - Hosting environment: Development
2022-03-04 15:19:18,839 [1] INFO  Microsoft.Hosting.Lifetime - Content root path: D:\Project\XHS.Build.Aqt365
2022-03-04 15:39:48,416 [1] INFO  Microsoft.Hosting.Lifetime - Application started. Press Ctrl+C to shut down.
2022-03-04 15:39:48,434 [1] INFO  Microsoft.Hosting.Lifetime - Hosting environment: Development
2022-03-04 15:39:48,437 [1] INFO  Microsoft.Hosting.Lifetime - Content root path: D:\Project\XHS.Build.Aqt365
2022-03-04 15:40:32,707 [1] INFO  Microsoft.Hosting.Lifetime - Application started. Press Ctrl+C to shut down.
2022-03-04 15:40:32,720 [1] INFO  Microsoft.Hosting.Lifetime - Hosting environment: Development
2022-03-04 15:40:32,723 [1] INFO  Microsoft.Hosting.Lifetime - Content root path: D:\Project\XHS.Build.Aqt365
2022-03-04 15:41:51,999 [1] INFO  Microsoft.Hosting.Lifetime - Application started. Press Ctrl+C to shut down.
2022-03-04 15:41:52,068 [1] INFO  Microsoft.Hosting.Lifetime - Hosting environment: Development
2022-03-04 15:41:52,081 [1] INFO  Microsoft.Hosting.Lifetime - Content root path: D:\Project\XHS.Build.Aqt365
2022-03-04 15:45:47,076 [1] INFO  Microsoft.Hosting.Lifetime - Application started. Press Ctrl+C to shut down.
2022-03-04 15:45:47,094 [1] INFO  Microsoft.Hosting.Lifetime - Hosting environment: Development
2022-03-04 15:45:47,098 [1] INFO  Microsoft.Hosting.Lifetime - Content root path: D:\Project\XHS.Build.Aqt365
2022-03-04 15:55:54,928 [1] INFO  Microsoft.Hosting.Lifetime - Application started. Press Ctrl+C to shut down.
2022-03-04 15:55:54,944 [1] INFO  Microsoft.Hosting.Lifetime - Hosting environment: Development
2022-03-04 15:55:54,948 [1] INFO  Microsoft.Hosting.Lifetime - Content root path: D:\Project\XHS.Build.Aqt365
2022-03-04 15:59:35,671 [1] INFO  Microsoft.Hosting.Lifetime - Application started. Press Ctrl+C to shut down.
2022-03-04 15:59:35,725 [1] INFO  Microsoft.Hosting.Lifetime - Hosting environment: Development
2022-03-04 15:59:35,729 [1] INFO  Microsoft.Hosting.Lifetime - Content root path: D:\Project\XHS.Build.Aqt365
2022-03-04 16:05:12,859 [1] INFO  Microsoft.Hosting.Lifetime - Application started. Press Ctrl+C to shut down.
2022-03-04 16:05:12,910 [1] INFO  Microsoft.Hosting.Lifetime - Hosting environment: Development
2022-03-04 16:05:12,913 [1] INFO  Microsoft.Hosting.Lifetime - Content root path: D:\Project\XHS.Build.Aqt365
2022-03-04 16:06:22,386 [1] INFO  Microsoft.Hosting.Lifetime - Application started. Press Ctrl+C to shut down.
2022-03-04 16:06:22,404 [1] INFO  Microsoft.Hosting.Lifetime - Hosting environment: Development
2022-03-04 16:06:22,408 [1] INFO  Microsoft.Hosting.Lifetime - Content root path: D:\Project\XHS.Build.Aqt365
2022-03-04 16:08:09,008 [1] INFO  Microsoft.Hosting.Lifetime - Application started. Press Ctrl+C to shut down.
2022-03-04 16:08:09,026 [1] INFO  Microsoft.Hosting.Lifetime - Hosting environment: Development
2022-03-04 16:08:09,029 [1] INFO  Microsoft.Hosting.Lifetime - Content root path: D:\Project\XHS.Build.Aqt365
2022-03-04 16:10:03,407 [1] INFO  Microsoft.Hosting.Lifetime - Application started. Press Ctrl+C to shut down.
2022-03-04 16:10:03,451 [1] INFO  Microsoft.Hosting.Lifetime - Hosting environment: Development
2022-03-04 16:10:03,455 [1] INFO  Microsoft.Hosting.Lifetime - Content root path: D:\Project\XHS.Build.Aqt365
2022-03-04 16:11:44,846 [1] INFO  Microsoft.Hosting.Lifetime - Application started. Press Ctrl+C to shut down.
2022-03-04 16:11:44,872 [1] INFO  Microsoft.Hosting.Lifetime - Hosting environment: Development
2022-03-04 16:11:44,875 [1] INFO  Microsoft.Hosting.Lifetime - Content root path: D:\Project\XHS.Build.Aqt365
2022-03-04 16:14:48,760 [1] INFO  Microsoft.Hosting.Lifetime - Application started. Press Ctrl+C to shut down.
2022-03-04 16:14:48,774 [1] INFO  Microsoft.Hosting.Lifetime - Hosting environment: Development
2022-03-04 16:14:48,777 [1] INFO  Microsoft.Hosting.Lifetime - Content root path: D:\Project\XHS.Build.Aqt365
2022-03-04 16:17:32,126 [1] INFO  Microsoft.Hosting.Lifetime - Application started. Press Ctrl+C to shut down.
2022-03-04 16:17:32,165 [1] INFO  Microsoft.Hosting.Lifetime - Hosting environment: Development
2022-03-04 16:17:32,169 [1] INFO  Microsoft.Hosting.Lifetime - Content root path: D:\Project\XHS.Build.Aqt365
2022-03-04 16:18:25,510 [1] INFO  Microsoft.Hosting.Lifetime - Application started. Press Ctrl+C to shut down.
2022-03-04 16:18:25,525 [1] INFO  Microsoft.Hosting.Lifetime - Hosting environment: Development
2022-03-04 16:18:25,529 [1] INFO  Microsoft.Hosting.Lifetime - Content root path: D:\Project\XHS.Build.Aqt365
2022-03-04 16:19:58,868 [1] INFO  Microsoft.Hosting.Lifetime - Application started. Press Ctrl+C to shut down.
2022-03-04 16:19:58,885 [1] INFO  Microsoft.Hosting.Lifetime - Hosting environment: Development
2022-03-04 16:19:58,888 [1] INFO  Microsoft.Hosting.Lifetime - Content root path: D:\Project\XHS.Build.Aqt365
2022-03-04 16:22:33,372 [1] INFO  Microsoft.Hosting.Lifetime - Application started. Press Ctrl+C to shut down.
2022-03-04 16:22:33,392 [1] INFO  Microsoft.Hosting.Lifetime - Hosting environment: Development
2022-03-04 16:22:33,395 [1] INFO  Microsoft.Hosting.Lifetime - Content root path: D:\Project\XHS.Build.Aqt365
2022-03-04 16:25:29,685 [1] INFO  Microsoft.Hosting.Lifetime - Application started. Press Ctrl+C to shut down.
2022-03-04 16:25:29,703 [1] INFO  Microsoft.Hosting.Lifetime - Hosting environment: Development
2022-03-04 16:25:29,706 [1] INFO  Microsoft.Hosting.Lifetime - Content root path: D:\Project\XHS.Build.Aqt365
2022-03-04 16:30:29,452 [1] INFO  Microsoft.Hosting.Lifetime - Application started. Press Ctrl+C to shut down.
2022-03-04 16:30:29,461 [1] INFO  Microsoft.Hosting.Lifetime - Hosting environment: Development
2022-03-04 16:30:29,463 [1] INFO  Microsoft.Hosting.Lifetime - Content root path: D:\Project\XHS.Build.Aqt365
2022-03-04 16:32:50,366 [1] INFO  Microsoft.Hosting.Lifetime - Application started. Press Ctrl+C to shut down.
2022-03-04 16:32:50,391 [1] INFO  Microsoft.Hosting.Lifetime - Hosting environment: Development
2022-03-04 16:32:50,394 [1] INFO  Microsoft.Hosting.Lifetime - Content root path: D:\Project\XHS.Build.Aqt365
2022-03-04 16:37:54,955 [1] INFO  Microsoft.Hosting.Lifetime - Application started. Press Ctrl+C to shut down.
2022-03-04 16:37:54,972 [1] INFO  Microsoft.Hosting.Lifetime - Hosting environment: Development
2022-03-04 16:37:54,975 [1] INFO  Microsoft.Hosting.Lifetime - Content root path: D:\Project\XHS.Build.Aqt365
2022-03-04 16:41:19,790 [1] INFO  Microsoft.Hosting.Lifetime - Application started. Press Ctrl+C to shut down.
2022-03-04 16:41:19,808 [1] INFO  Microsoft.Hosting.Lifetime - Hosting environment: Development
2022-03-04 16:41:19,812 [1] INFO  Microsoft.Hosting.Lifetime - Content root path: D:\Project\XHS.Build.Aqt365
2022-03-04 16:44:55,323 [1] INFO  Microsoft.Hosting.Lifetime - Application started. Press Ctrl+C to shut down.
2022-03-04 16:44:55,338 [1] INFO  Microsoft.Hosting.Lifetime - Hosting environment: Development
2022-03-04 16:44:55,341 [1] INFO  Microsoft.Hosting.Lifetime - Content root path: D:\Project\XHS.Build.Aqt365
2022-03-04 16:51:04,724 [1] INFO  Microsoft.Hosting.Lifetime - Application started. Press Ctrl+C to shut down.
2022-03-04 16:51:04,742 [1] INFO  Microsoft.Hosting.Lifetime - Hosting environment: Development
2022-03-04 16:51:04,744 [1] INFO  Microsoft.Hosting.Lifetime - Content root path: D:\Project\XHS.Build.Aqt365
2022-03-04 17:21:16,399 [1] INFO  Microsoft.Hosting.Lifetime - Application started. Press Ctrl+C to shut down.
2022-03-04 17:21:16,419 [1] INFO  Microsoft.Hosting.Lifetime - Hosting environment: Development
2022-03-04 17:21:16,425 [1] INFO  Microsoft.Hosting.Lifetime - Content root path: D:\Project\XHS.Build.Aqt365
2022-03-04 17:22:24,655 [1] INFO  Microsoft.Hosting.Lifetime - Application started. Press Ctrl+C to shut down.
2022-03-04 17:22:24,682 [1] INFO  Microsoft.Hosting.Lifetime - Hosting environment: Development
2022-03-04 17:22:24,687 [1] INFO  Microsoft.Hosting.Lifetime - Content root path: D:\Project\XHS.Build.Aqt365
2022-03-04 17:23:03,232 [1] INFO  Microsoft.Hosting.Lifetime - Application started. Press Ctrl+C to shut down.
2022-03-04 17:23:03,248 [1] INFO  Microsoft.Hosting.Lifetime - Hosting environment: Development
2022-03-04 17:23:03,251 [1] INFO  Microsoft.Hosting.Lifetime - Content root path: D:\Project\XHS.Build.Aqt365
2022-03-04 17:24:04,976 [1] INFO  Microsoft.Hosting.Lifetime - Application started. Press Ctrl+C to shut down.
2022-03-04 17:24:04,993 [1] INFO  Microsoft.Hosting.Lifetime - Hosting environment: Development
2022-03-04 17:24:04,996 [1] INFO  Microsoft.Hosting.Lifetime - Content root path: D:\Project\XHS.Build.Aqt365
2022-03-04 17:27:22,113 [1] INFO  Microsoft.Hosting.Lifetime - Application started. Press Ctrl+C to shut down.
2022-03-04 17:27:22,132 [1] INFO  Microsoft.Hosting.Lifetime - Hosting environment: Development
2022-03-04 17:27:22,135 [1] INFO  Microsoft.Hosting.Lifetime - Content root path: D:\Project\XHS.Build.Aqt365
2022-03-04 17:27:54,203 [4] INFO  XHS.Build.Common.Auth.XHSRealnameToken - https://www.xhssmz.com:9021/api/realname/construction-site-api/ordinary-employee-info未获取到Token信息
2022-03-04 17:28:01,093 [4] INFO  XHS.Build.Common.Auth.XHSRealnameToken - https://www.xhssmz.com:9021/api/realname/construction-site-api/ordinary-employee-info未获取到Token信息
2022-03-04 17:29:20,078 [1] INFO  Microsoft.Hosting.Lifetime - Application started. Press Ctrl+C to shut down.
2022-03-04 17:29:20,093 [1] INFO  Microsoft.Hosting.Lifetime - Hosting environment: Development
2022-03-04 17:29:20,097 [1] INFO  Microsoft.Hosting.Lifetime - Content root path: D:\Project\XHS.Build.Aqt365
2022-03-04 17:30:33,510 [1] INFO  Microsoft.Hosting.Lifetime - Application started. Press Ctrl+C to shut down.
2022-03-04 17:30:33,529 [1] INFO  Microsoft.Hosting.Lifetime - Hosting environment: Development
2022-03-04 17:30:33,532 [1] INFO  Microsoft.Hosting.Lifetime - Content root path: D:\Project\XHS.Build.Aqt365
2022-03-04 17:30:55,406 [21] INFO  XHS.Build.Common.Auth.XHSRealnameToken - https://www.xhssmz.com:9021/api/realname/construction-site-api/ordinary-employee-info接口信息返回空
2022-03-04 17:33:20,378 [1] INFO  Microsoft.Hosting.Lifetime - Application started. Press Ctrl+C to shut down.
2022-03-04 17:33:20,393 [1] INFO  Microsoft.Hosting.Lifetime - Hosting environment: Development
2022-03-04 17:33:20,396 [1] INFO  Microsoft.Hosting.Lifetime - Content root path: D:\Project\XHS.Build.Aqt365
2022-03-04 17:34:36,036 [1] INFO  Microsoft.Hosting.Lifetime - Application started. Press Ctrl+C to shut down.
2022-03-04 17:34:36,057 [1] INFO  Microsoft.Hosting.Lifetime - Hosting environment: Development
2022-03-04 17:34:36,060 [1] INFO  Microsoft.Hosting.Lifetime - Content root path: D:\Project\XHS.Build.Aqt365
