2022-03-07 09:55:49,399 [1] INFO  Microsoft.Hosting.Lifetime - Application started. Press Ctrl+C to shut down.
2022-03-07 09:55:49,415 [1] INFO  Microsoft.Hosting.Lifetime - Hosting environment: Development
2022-03-07 09:55:49,418 [1] INFO  Microsoft.Hosting.Lifetime - Content root path: D:\Project\XHS.Build.Aqt365
2022-03-07 09:56:59,186 [1] INFO  Microsoft.Hosting.Lifetime - Application started. Press Ctrl+C to shut down.
2022-03-07 09:56:59,201 [1] INFO  Microsoft.Hosting.Lifetime - Hosting environment: Development
2022-03-07 09:56:59,203 [1] INFO  Microsoft.Hosting.Lifetime - Content root path: D:\Project\XHS.Build.Aqt365
2022-03-07 10:01:12,555 [1] INFO  Microsoft.Hosting.Lifetime - Application started. Press Ctrl+C to shut down.
2022-03-07 10:01:12,573 [1] INFO  Microsoft.Hosting.Lifetime - Hosting environment: Development
2022-03-07 10:01:12,576 [1] INFO  Microsoft.Hosting.Lifetime - Content root path: D:\Project\XHS.Build.Aqt365
2022-03-07 10:07:54,845 [1] INFO  Microsoft.Hosting.Lifetime - Application started. Press Ctrl+C to shut down.
2022-03-07 10:07:54,884 [1] INFO  Microsoft.Hosting.Lifetime - Hosting environment: Development
2022-03-07 10:07:54,887 [1] INFO  Microsoft.Hosting.Lifetime - Content root path: D:\Project\XHS.Build.Aqt365
2022-03-07 10:09:53,454 [1] INFO  Microsoft.Hosting.Lifetime - Application started. Press Ctrl+C to shut down.
2022-03-07 10:09:53,463 [1] INFO  Microsoft.Hosting.Lifetime - Hosting environment: Development
2022-03-07 10:09:53,466 [1] INFO  Microsoft.Hosting.Lifetime - Content root path: D:\Project\XHS.Build.Aqt365
2022-03-07 10:13:48,178 [1] INFO  Microsoft.Hosting.Lifetime - Application started. Press Ctrl+C to shut down.
2022-03-07 10:13:48,188 [1] INFO  Microsoft.Hosting.Lifetime - Hosting environment: Development
2022-03-07 10:13:48,190 [1] INFO  Microsoft.Hosting.Lifetime - Content root path: D:\Project\XHS.Build.Aqt365
2022-03-07 10:16:55,913 [1] INFO  Microsoft.Hosting.Lifetime - Application started. Press Ctrl+C to shut down.
2022-03-07 10:16:55,925 [1] INFO  Microsoft.Hosting.Lifetime - Hosting environment: Development
2022-03-07 10:16:55,927 [1] INFO  Microsoft.Hosting.Lifetime - Content root path: D:\Project\XHS.Build.Aqt365
2022-03-07 10:26:48,885 [1] INFO  Microsoft.Hosting.Lifetime - Application started. Press Ctrl+C to shut down.
2022-03-07 10:26:48,903 [1] INFO  Microsoft.Hosting.Lifetime - Hosting environment: Development
2022-03-07 10:26:48,906 [1] INFO  Microsoft.Hosting.Lifetime - Content root path: D:\Project\XHS.Build.Aqt365
2022-03-07 10:30:44,207 [1] INFO  Microsoft.Hosting.Lifetime - Application started. Press Ctrl+C to shut down.
2022-03-07 10:30:44,224 [1] INFO  Microsoft.Hosting.Lifetime - Hosting environment: Development
2022-03-07 10:30:44,226 [1] INFO  Microsoft.Hosting.Lifetime - Content root path: D:\Project\XHS.Build.Aqt365
2022-03-07 10:35:08,535 [1] INFO  Microsoft.Hosting.Lifetime - Application started. Press Ctrl+C to shut down.
2022-03-07 10:35:08,575 [1] INFO  Microsoft.Hosting.Lifetime - Hosting environment: Development
2022-03-07 10:35:08,579 [1] INFO  Microsoft.Hosting.Lifetime - Content root path: D:\Project\XHS.Build.Aqt365
2022-03-07 10:39:52,808 [1] INFO  Microsoft.Hosting.Lifetime - Application started. Press Ctrl+C to shut down.
2022-03-07 10:39:52,823 [1] INFO  Microsoft.Hosting.Lifetime - Hosting environment: Development
2022-03-07 10:39:52,826 [1] INFO  Microsoft.Hosting.Lifetime - Content root path: D:\Project\XHS.Build.Aqt365
2022-03-07 10:45:53,005 [1] INFO  Microsoft.Hosting.Lifetime - Application started. Press Ctrl+C to shut down.
2022-03-07 10:45:53,018 [1] INFO  Microsoft.Hosting.Lifetime - Hosting environment: Development
2022-03-07 10:45:53,020 [1] INFO  Microsoft.Hosting.Lifetime - Content root path: D:\Project\XHS.Build.Aqt365
2022-03-07 10:47:45,455 [1] INFO  Microsoft.Hosting.Lifetime - Application started. Press Ctrl+C to shut down.
2022-03-07 10:47:45,467 [1] INFO  Microsoft.Hosting.Lifetime - Hosting environment: Development
2022-03-07 10:47:45,469 [1] INFO  Microsoft.Hosting.Lifetime - Content root path: D:\Project\XHS.Build.Aqt365
2022-03-07 10:49:07,864 [1] INFO  Microsoft.Hosting.Lifetime - Application started. Press Ctrl+C to shut down.
2022-03-07 10:49:07,879 [1] INFO  Microsoft.Hosting.Lifetime - Hosting environment: Development
2022-03-07 10:49:07,882 [1] INFO  Microsoft.Hosting.Lifetime - Content root path: D:\Project\XHS.Build.Aqt365
2022-03-07 10:57:11,511 [1] INFO  Microsoft.Hosting.Lifetime - Application started. Press Ctrl+C to shut down.
2022-03-07 10:57:11,524 [1] INFO  Microsoft.Hosting.Lifetime - Hosting environment: Development
2022-03-07 10:57:11,527 [1] INFO  Microsoft.Hosting.Lifetime - Content root path: D:\Project\XHS.Build.Aqt365
2022-03-07 10:57:29,734 [8] INFO  XHS.Build.Common.Auth.XHSRealnameToken - https://www.xhssmz.com:9021/api/realname/construction-site-api/ordinary-employee-info接口信息返回空
2022-03-07 10:57:32,393 [8] INFO  XHS.Build.Common.Auth.XHSRealnameToken - https://www.xhssmz.com:9021/api/realname/construction-site-api/manager-in-out-site接口信息返回空
2022-03-07 11:00:37,692 [1] INFO  Microsoft.Hosting.Lifetime - Application started. Press Ctrl+C to shut down.
2022-03-07 11:00:37,700 [1] INFO  Microsoft.Hosting.Lifetime - Hosting environment: Development
2022-03-07 11:00:37,702 [1] INFO  Microsoft.Hosting.Lifetime - Content root path: D:\Project\XHS.Build.Aqt365
2022-03-07 11:06:27,869 [1] INFO  Microsoft.Hosting.Lifetime - Application started. Press Ctrl+C to shut down.
2022-03-07 11:06:27,877 [1] INFO  Microsoft.Hosting.Lifetime - Hosting environment: Development
2022-03-07 11:06:27,878 [1] INFO  Microsoft.Hosting.Lifetime - Content root path: D:\Project\XHS.Build.Aqt365
2022-03-07 11:15:18,746 [1] INFO  Microsoft.Hosting.Lifetime - Application started. Press Ctrl+C to shut down.
2022-03-07 11:15:18,762 [1] INFO  Microsoft.Hosting.Lifetime - Hosting environment: Development
2022-03-07 11:15:18,765 [1] INFO  Microsoft.Hosting.Lifetime - Content root path: D:\Project\XHS.Build.Aqt365
2022-03-07 11:23:28,610 [1] INFO  Microsoft.Hosting.Lifetime - Application started. Press Ctrl+C to shut down.
2022-03-07 11:23:28,627 [1] INFO  Microsoft.Hosting.Lifetime - Hosting environment: Development
2022-03-07 11:23:28,630 [1] INFO  Microsoft.Hosting.Lifetime - Content root path: D:\Project\XHS.Build.Aqt365
2022-03-07 13:35:09,833 [1] INFO  Microsoft.Hosting.Lifetime - Application started. Press Ctrl+C to shut down.
2022-03-07 13:35:09,884 [1] INFO  Microsoft.Hosting.Lifetime - Hosting environment: Development
2022-03-07 13:35:09,888 [1] INFO  Microsoft.Hosting.Lifetime - Content root path: D:\Project\XHS.Build.Aqt365
2022-03-07 13:45:37,420 [1] INFO  Microsoft.Hosting.Lifetime - Application started. Press Ctrl+C to shut down.
2022-03-07 13:45:37,437 [1] INFO  Microsoft.Hosting.Lifetime - Hosting environment: Development
2022-03-07 13:45:37,440 [1] INFO  Microsoft.Hosting.Lifetime - Content root path: D:\Project\XHS.Build.Aqt365
2022-03-07 13:53:35,334 [1] INFO  Microsoft.Hosting.Lifetime - Application started. Press Ctrl+C to shut down.
2022-03-07 13:53:35,358 [1] INFO  Microsoft.Hosting.Lifetime - Hosting environment: Development
2022-03-07 13:53:35,362 [1] INFO  Microsoft.Hosting.Lifetime - Content root path: D:\Project\XHS.Build.Aqt365
2022-03-07 14:14:22,496 [1] INFO  Microsoft.Hosting.Lifetime - Application started. Press Ctrl+C to shut down.
2022-03-07 14:14:22,517 [1] INFO  Microsoft.Hosting.Lifetime - Hosting environment: Development
2022-03-07 14:14:22,520 [1] INFO  Microsoft.Hosting.Lifetime - Content root path: D:\Project\XHS.Build.Aqt365
2022-03-07 14:17:02,437 [1] INFO  Microsoft.Hosting.Lifetime - Application started. Press Ctrl+C to shut down.
2022-03-07 14:17:02,485 [1] INFO  Microsoft.Hosting.Lifetime - Hosting environment: Development
2022-03-07 14:17:02,517 [1] INFO  Microsoft.Hosting.Lifetime - Content root path: D:\Project\XHS.Build.Aqt365
2022-03-07 14:22:39,880 [1] INFO  Microsoft.Hosting.Lifetime - Application started. Press Ctrl+C to shut down.
2022-03-07 14:22:39,919 [1] INFO  Microsoft.Hosting.Lifetime - Hosting environment: Development
2022-03-07 14:22:39,922 [1] INFO  Microsoft.Hosting.Lifetime - Content root path: D:\Project\XHS.Build.Aqt365
2022-03-07 14:47:42,360 [1] INFO  Microsoft.Hosting.Lifetime - Application started. Press Ctrl+C to shut down.
2022-03-07 14:47:42,380 [1] INFO  Microsoft.Hosting.Lifetime - Hosting environment: Development
2022-03-07 14:47:42,384 [1] INFO  Microsoft.Hosting.Lifetime - Content root path: D:\Project\XHS.Build.Aqt365
2022-03-07 14:49:04,822 [1] INFO  Microsoft.Hosting.Lifetime - Application started. Press Ctrl+C to shut down.
2022-03-07 14:49:04,833 [1] INFO  Microsoft.Hosting.Lifetime - Hosting environment: Development
2022-03-07 14:49:04,836 [1] INFO  Microsoft.Hosting.Lifetime - Content root path: D:\Project\XHS.Build.Aqt365
2022-03-07 14:50:31,094 [1] INFO  Microsoft.Hosting.Lifetime - Application started. Press Ctrl+C to shut down.
2022-03-07 14:50:31,119 [1] INFO  Microsoft.Hosting.Lifetime - Hosting environment: Development
2022-03-07 14:50:31,122 [1] INFO  Microsoft.Hosting.Lifetime - Content root path: D:\Project\XHS.Build.Aqt365
2022-03-07 14:57:36,600 [1] INFO  Microsoft.Hosting.Lifetime - Application started. Press Ctrl+C to shut down.
2022-03-07 14:57:36,636 [1] INFO  Microsoft.Hosting.Lifetime - Hosting environment: Development
2022-03-07 14:57:36,639 [1] INFO  Microsoft.Hosting.Lifetime - Content root path: D:\Project\XHS.Build.Aqt365
2022-03-07 15:02:08,841 [1] INFO  Microsoft.Hosting.Lifetime - Application started. Press Ctrl+C to shut down.
2022-03-07 15:02:08,897 [1] INFO  Microsoft.Hosting.Lifetime - Hosting environment: Development
2022-03-07 15:02:08,910 [1] INFO  Microsoft.Hosting.Lifetime - Content root path: D:\Project\XHS.Build.Aqt365
2022-03-07 15:14:55,895 [1] INFO  Microsoft.Hosting.Lifetime - Application started. Press Ctrl+C to shut down.
2022-03-07 15:14:55,935 [1] INFO  Microsoft.Hosting.Lifetime - Hosting environment: Development
2022-03-07 15:14:55,938 [1] INFO  Microsoft.Hosting.Lifetime - Content root path: D:\Project\XHS.Build.Aqt365
2022-03-07 15:26:03,941 [1] INFO  Microsoft.Hosting.Lifetime - Application started. Press Ctrl+C to shut down.
2022-03-07 15:26:03,958 [1] INFO  Microsoft.Hosting.Lifetime - Hosting environment: Development
2022-03-07 15:26:03,962 [1] INFO  Microsoft.Hosting.Lifetime - Content root path: D:\Project\XHS.Build.Aqt365
2022-03-07 15:27:43,516 [1] INFO  Microsoft.Hosting.Lifetime - Application started. Press Ctrl+C to shut down.
2022-03-07 15:27:43,566 [1] INFO  Microsoft.Hosting.Lifetime - Hosting environment: Development
2022-03-07 15:27:43,569 [1] INFO  Microsoft.Hosting.Lifetime - Content root path: D:\Project\XHS.Build.Aqt365
2022-03-07 15:28:36,418 [1] INFO  Microsoft.Hosting.Lifetime - Application started. Press Ctrl+C to shut down.
2022-03-07 15:28:36,433 [1] INFO  Microsoft.Hosting.Lifetime - Hosting environment: Development
2022-03-07 15:28:36,435 [1] INFO  Microsoft.Hosting.Lifetime - Content root path: D:\Project\XHS.Build.Aqt365
2022-03-07 15:31:59,516 [1] INFO  Microsoft.Hosting.Lifetime - Application started. Press Ctrl+C to shut down.
2022-03-07 15:31:59,537 [1] INFO  Microsoft.Hosting.Lifetime - Hosting environment: Development
2022-03-07 15:31:59,539 [1] INFO  Microsoft.Hosting.Lifetime - Content root path: D:\Project\XHS.Build.Aqt365
2022-03-07 15:32:59,355 [1] INFO  Microsoft.Hosting.Lifetime - Application started. Press Ctrl+C to shut down.
2022-03-07 15:32:59,368 [1] INFO  Microsoft.Hosting.Lifetime - Hosting environment: Development
2022-03-07 15:32:59,370 [1] INFO  Microsoft.Hosting.Lifetime - Content root path: D:\Project\XHS.Build.Aqt365
2022-03-07 15:59:09,599 [1] INFO  Microsoft.Hosting.Lifetime - Application started. Press Ctrl+C to shut down.
2022-03-07 15:59:09,689 [1] INFO  Microsoft.Hosting.Lifetime - Hosting environment: Development
2022-03-07 15:59:09,693 [1] INFO  Microsoft.Hosting.Lifetime - Content root path: D:\Project\XHS.Build.Aqt365
2022-03-07 16:00:02,489 [1] INFO  Microsoft.Hosting.Lifetime - Application started. Press Ctrl+C to shut down.
2022-03-07 16:00:02,517 [1] INFO  Microsoft.Hosting.Lifetime - Hosting environment: Development
2022-03-07 16:00:02,522 [1] INFO  Microsoft.Hosting.Lifetime - Content root path: D:\Project\XHS.Build.Aqt365
